<?xml version="1.0" encoding="UTF-8"?>
<testng-results ignored="0" total="1" passed="1" failed="0" skipped="0">
  <reporter-output>
  </reporter-output>
  <suite started-at="2023-01-16T11:19:30 BDT" name="Default suite" finished-at="2023-01-16T11:19:48 BDT" duration-ms="18137">
    <groups>
    </groups>
    <test started-at="2023-01-16T11:19:30 BDT" name="Default test" finished-at="2023-01-16T11:19:48 BDT" duration-ms="18137">
      <class name="testCases.TestCase">
        <test-method is-config="true" signature="setBrowser()[pri:0, instance:testCases.TestCase@702657cc]" started-at="2023-01-16T11:19:28 BDT" name="setBrowser" finished-at="2023-01-16T11:19:30 BDT" duration-ms="2395" status="PASS">
          <reporter-output>
          </reporter-output>
        </test-method> <!-- setBrowser -->
        <test-method signature="homePageTest()[pri:0, instance:testCases.TestCase@702657cc]" started-at="2023-01-16T11:19:30 BDT" name="homePageTest" finished-at="2023-01-16T11:19:48 BDT" duration-ms="18067" status="PASS">
          <reporter-output>
          </reporter-output>
        </test-method> <!-- homePageTest -->
        <test-method is-config="true" signature="quiteBrowser()[pri:0, instance:testCases.TestCase@702657cc]" started-at="2023-01-16T11:19:48 BDT" name="quiteBrowser" finished-at="2023-01-16T11:19:49 BDT" duration-ms="701" status="PASS">
          <reporter-output>
          </reporter-output>
        </test-method> <!-- quiteBrowser -->
      </class> <!-- testCases.TestCase -->
    </test> <!-- Default test -->
  </suite> <!-- Default suite -->
</testng-results>
